================================================================================
🔬 LOGREG-MOMENTUM FULL PERIOD VALIDATION
================================================================================
Threshold: 0.58, Gap: 0.06
SL: 1.5x, TP: 2.0x, Train: 15d
Testing: ENTIRE DATASET (Oct 17 - Jan 16)
Started: 2026-01-17 21:34
================================================================================

📊 Loading data...
   Rows: 90,186
   Range: 2025-10-17 00:00:00 → 2026-01-16 21:59:00

🔧 Building features...
   Total dates: 66
   Test dates: 51 (after 15d warmup)

📈 Running full period walk-forward...
----------------------------------------------------------------------
[ 1/51] 2025-11-07:   0 trades,    +0.0 pips ➖
[ 2/51] 2025-11-10:   1 trades,    -5.0 pips ❌
[ 3/51] 2025-11-11:   0 trades,    +0.0 pips ➖
[ 4/51] 2025-11-12:   0 trades,    +0.0 pips ➖
[ 5/51] 2025-11-13:   0 trades,    +0.0 pips ➖
[ 6/51] 2025-11-14:   0 trades,    +0.0 pips ➖
[ 7/51] 2025-11-17:   0 trades,    +0.0 pips ➖
[ 8/51] 2025-11-18:   0 trades,    +0.0 pips ➖
[ 9/51] 2025-11-19:   0 trades,    +0.0 pips ➖
[10/51] 2025-11-20:   0 trades,    +0.0 pips ➖
[11/51] 2025-11-21:   0 trades,    +0.0 pips ➖
[12/51] 2025-11-24:   0 trades,    +0.0 pips ➖
[13/51] 2025-11-25:   0 trades,    +0.0 pips ➖
[14/51] 2025-11-26:   0 trades,    +0.0 pips ➖
[15/51] 2025-11-27:   0 trades,    +0.0 pips ➖
[16/51] 2025-11-28:   0 trades,    +0.0 pips ➖
[17/51] 2025-12-01:   0 trades,    +0.0 pips ➖
[18/51] 2025-12-02:   0 trades,    +0.0 pips ➖
[19/51] 2025-12-03:   0 trades,    +0.0 pips ➖
[20/51] 2025-12-04:   0 trades,    +0.0 pips ➖
[21/51] 2025-12-05:   0 trades,    +0.0 pips ➖
[22/51] 2025-12-08:   0 trades,    +0.0 pips ➖
[23/51] 2025-12-09:   0 trades,    +0.0 pips ➖
[24/51] 2025-12-10:   1 trades,   +14.5 pips ✅
[25/51] 2025-12-11:   0 trades,    +0.0 pips ➖
[26/51] 2025-12-12:   0 trades,    +0.0 pips ➖
[27/51] 2025-12-15:   0 trades,    +0.0 pips ➖
[28/51] 2025-12-16:   6 trades,    +4.4 pips ✅
[29/51] 2025-12-17:   0 trades,    +0.0 pips ➖
[30/51] 2025-12-18:   4 trades,    +7.7 pips ✅
[31/51] 2025-12-19:   0 trades,    +0.0 pips ➖
[32/51] 2025-12-22:   0 trades,    +0.0 pips ➖
[33/51] 2025-12-23:   1 trades,    +3.7 pips ✅
[34/51] 2025-12-24:   0 trades,    +0.0 pips ➖
[35/51] 2025-12-25:   1 trades,    -3.2 pips ❌
[36/51] 2025-12-26:   1 trades,    -2.9 pips ❌
[37/51] 2025-12-29:   0 trades,    +0.0 pips ➖
[38/51] 2025-12-30:   0 trades,    +0.0 pips ➖
[39/51] 2025-12-31:   0 trades,    +0.0 pips ➖
[40/51] 2026-01-01:   0 trades,    +0.0 pips ➖
[41/51] 2026-01-02:   0 trades,    +0.0 pips ➖
[42/51] 2026-01-05:   0 trades,    +0.0 pips ➖
[43/51] 2026-01-06:   0 trades,    +0.0 pips ➖
[44/51] 2026-01-07:   0 trades,    +0.0 pips ➖
[45/51] 2026-01-08:   0 trades,    +0.0 pips ➖
[46/51] 2026-01-09:   1 trades,    +5.2 pips ✅
[47/51] 2026-01-12:   0 trades,    +0.0 pips ➖
[48/51] 2026-01-13:   1 trades,    +6.6 pips ✅
[49/51] 2026-01-14:   0 trades,    +0.0 pips ➖
[50/51] 2026-01-15:   1 trades,    -2.9 pips ❌
[51/51] 2026-01-16:   3 trades,    +3.0 pips ✅
----------------------------------------------------------------------

📊 Risk Metrics:
==================================================
RISK METRICS REPORT
==================================================
Total Trades:       21
Total PnL:          +31.1 pips
Expectancy/Trade:   +1.48 pips
Win Rate:           52.4%
Profit Factor:      1.72
--------------------------------------------------
Max Drawdown:       9.6 pips
DD Duration:        3 trades
Worst Day:          -5.0 pips
Best Day:           +14.5 pips
--------------------------------------------------
VaR (95%):          7.2 pips
Expected Shortfall: 7.4 pips
Sharpe Ratio:       3.35
==================================================

📅 WEEKLY BREAKDOWN
--------------------------------------------------
   Weeks tested: 11
   Profitable weeks: 4/11 (36%)
   Best week: +14.5 pips
   Worst week: -5.0 pips
   Avg week: +2.8 pips

   📈 Monthly projection: +13.4 pips

🔄 REGIME ANALYSIS
--------------------------------------------------
high_vol  :   16 trades (76%),    +31.0 pips, exp=+1.94
low_vol   :    5 trades (24%),     +0.1 pips, exp=+0.01

================================================================================
🏁 FULL PERIOD VALIDATION COMPLETE
================================================================================
✅ PASSED - Positive expectancy across entire 3-month period

   Period: Oct 17, 2025 → Jan 16, 2026 (51 trading days)
   Total PnL: +31.1 pips
   Profit Factor: 1.72
   Expectancy: +1.48 pips/trade
   Max Drawdown: 9.6 pips
   Sharpe Ratio: 3.35

💾 Results saved to: /home/hans/Documents/MachineLearning/FOREX/experiments/logreg_final

Completed: 2026-01-17 21:35
